[254:254:1009/162455.882792:WARNING:chrome_main_delegate.cc(747)] This is Chrome version 129.0.6668.89 (not a warning)
[254:280:1009/162455.910015:ERROR:bus.cc(407)] Failed to connect to the bus: Failed to connect to socket /run/dbus/system_bus_socket: No such file or directory
[254:283:1009/162455.911222:ERROR:bus.cc(407)] Failed to connect to the bus: Failed to connect to socket /run/dbus/system_bus_socket: No such file or directory
[254:283:1009/162455.911325:ERROR:bus.cc(407)] Failed to connect to the bus: Failed to connect to socket /run/dbus/system_bus_socket: No such file or directory
[254:280:1009/162455.913166:ERROR:bus.cc(407)] Failed to connect to the bus: Could not parse server address: Unknown address type (examples of valid types are "tcp" and on UNIX "unix")
[254:280:1009/162455.913934:ERROR:bus.cc(407)] Failed to connect to the bus: Could not parse server address: Unknown address type (examples of valid types are "tcp" and on UNIX "unix")
[254:280:1009/162455.914258:ERROR:bus.cc(407)] Failed to connect to the bus: Could not parse server address: Unknown address type (examples of valid types are "tcp" and on UNIX "unix")
[254:280:1009/162455.914403:ERROR:bus.cc(407)] Failed to connect to the bus: Could not parse server address: Unknown address type (examples of valid types are "tcp" and on UNIX "unix")
[254:280:1009/162455.914522:ERROR:bus.cc(407)] Failed to connect to the bus: Could not parse server address: Unknown address type (examples of valid types are "tcp" and on UNIX "unix")
[293:293:1009/162455.929357:WARNING:sandbox_linux.cc(430)] InitializeSandbox() called with multiple threads in process gpu-process.
[293:293:1009/162455.930337:WARNING:viz_main_impl.cc(85)] VizNullHypothesis is disabled (not a warning)
[254:280:1009/162455.931018:ERROR:bus.cc(407)] Failed to connect to the bus: Could not parse server address: Unknown address type (examples of valid types are "tcp" and on UNIX "unix")
[254:280:1009/162455.931177:ERROR:bus.cc(407)] Failed to connect to the bus: Could not parse server address: Unknown address type (examples of valid types are "tcp" and on UNIX "unix")
[338:338:1009/162455.985302:WARNING:runtime_features.cc(687)] AttributionReporting cannot be enabled in this configuration. Use --enable-features=ConversionMeasurement in addition.
[338:338:1009/162455.985547:WARNING:runtime_features.cc(701)] AttributionReportingCrossAppWeb cannot be enabled in this configuration. Use --enable-features=ConversionMeasurement,AttributionReportingCrossAppWeb in addition.
[254:254:1009/162455.990672:WARNING:bluez_dbus_manager.cc(234)] Floss manager service not available, cannot set Floss enable/disable.
[254:351:1009/162455.997474:ERROR:bus.cc(407)] Failed to connect to the bus: Failed to connect to socket /run/dbus/system_bus_socket: No such file or directory
[254:351:1009/162455.997691:ERROR:bus.cc(407)] Failed to connect to the bus: Failed to connect to socket /run/dbus/system_bus_socket: No such file or directory
[254:351:1009/162455.998127:ERROR:bus.cc(407)] Failed to connect to the bus: Failed to connect to socket /run/dbus/system_bus_socket: No such file or directory
[254:351:1009/162455.998388:WARNING:property.cc(149)] DaemonVersion: GetAndBlock: failed.
[254:351:1009/162455.999895:ERROR:bus.cc(407)] Failed to connect to the bus: Failed to connect to socket /run/dbus/system_bus_socket: No such file or directory
[254:351:1009/162456.000142:ERROR:bus.cc(407)] Failed to connect to the bus: Failed to connect to socket /run/dbus/system_bus_socket: No such file or directory
[353:353:1009/162456.037532:WARNING:runtime_features.cc(687)] AttributionReporting cannot be enabled in this configuration. Use --enable-features=ConversionMeasurement in addition.
[353:353:1009/162456.037809:WARNING:runtime_features.cc(701)] AttributionReportingCrossAppWeb cannot be enabled in this configuration. Use --enable-features=ConversionMeasurement,AttributionReportingCrossAppWeb in addition.
[362:362:1009/162456.071222:WARNING:runtime_features.cc(687)] AttributionReporting cannot be enabled in this configuration. Use --enable-features=ConversionMeasurement in addition.
[362:362:1009/162456.071566:WARNING:runtime_features.cc(701)] AttributionReportingCrossAppWeb cannot be enabled in this configuration. Use --enable-features=ConversionMeasurement,AttributionReportingCrossAppWeb in addition.
[254:254:1009/162458.759754:INFO:CONSOLE(0)] "[DOM] Password field is not contained in a form: (More info: https://goo.gl/9p2vKq) %o", source: https://accounts.spotify.com/login?continue=https%3A%2F%2Fcharts.spotify.com/login (0)
[381:381:1009/162459.264366:WARNING:runtime_features.cc(687)] AttributionReporting cannot be enabled in this configuration. Use --enable-features=ConversionMeasurement in addition.
[381:381:1009/162459.264640:WARNING:runtime_features.cc(701)] AttributionReportingCrossAppWeb cannot be enabled in this configuration. Use --enable-features=ConversionMeasurement,AttributionReportingCrossAppWeb in addition.
[401:401:1009/162501.737220:WARNING:runtime_features.cc(687)] AttributionReporting cannot be enabled in this configuration. Use --enable-features=ConversionMeasurement in addition.
[401:401:1009/162501.737658:WARNING:runtime_features.cc(701)] AttributionReportingCrossAppWeb cannot be enabled in this configuration. Use --enable-features=ConversionMeasurement,AttributionReportingCrossAppWeb in addition.
[254:254:1009/162504.972419:INFO:CONSOLE(0)] "The resource https://encore.scdn.co/fonts/SpotifyMixUI-Regular-cc3b1de388efa4cbca6c75cebc24585e.woff2 was preloaded using link preload but not used within a few seconds from the window's load event. Please make sure it has an appropriate `as` value and it is preloaded intentionally.", source: https://charts.spotify.com/charts/overview/global (0)
[254:254:1009/162504.973256:INFO:CONSOLE(0)] "The resource https://encore.scdn.co/fonts/SpotifyMixUITitleVariable-8769ccfde3379b7ebcadd9529b49d0cc.woff2 was preloaded using link preload but not used within a few seconds from the window's load event. Please make sure it has an appropriate `as` value and it is preloaded intentionally.", source: https://charts.spotify.com/charts/overview/global (0)
[254:254:1009/162504.973995:INFO:CONSOLE(0)] "The resource https://encore.scdn.co/fonts/SpotifyMixUITitle-Extrabold-ba6c73cd7f82c81e49cf2204017803ed.woff2 was preloaded using link preload but not used within a few seconds from the window's load event. Please make sure it has an appropriate `as` value and it is preloaded intentionally.", source: https://charts.spotify.com/charts/overview/global (0)
[254:254:1009/162504.974291:INFO:CONSOLE(0)] "The resource https://encore.scdn.co/fonts/SpotifyMixUI-Bold-4264b799009b1db5c491778b1bc8e5b7.woff2 was preloaded using link preload but not used within a few seconds from the window's load event. Please make sure it has an appropriate `as` value and it is preloaded intentionally.", source: https://charts.spotify.com/charts/overview/global (0)
[254:254:1009/162504.974884:INFO:CONSOLE(0)] "The resource https://encore.scdn.co/fonts/SpotifyMixUITitle-Bold-37290f1de77f297fcc26d71e9afcf43f.woff2 was preloaded using link preload but not used within a few seconds from the window's load event. Please make sure it has an appropriate `as` value and it is preloaded intentionally.", source: https://charts.spotify.com/charts/overview/global (0)
