[256:256:1009/171126.479020:WARNING:chrome_main_delegate.cc(747)] This is Chrome version 129.0.6668.89 (not a warning)
[256:282:1009/171126.506691:ERROR:bus.cc(407)] Failed to connect to the bus: Failed to connect to socket /run/dbus/system_bus_socket: No such file or directory
[256:285:1009/171126.507745:ERROR:bus.cc(407)] Failed to connect to the bus: Failed to connect to socket /run/dbus/system_bus_socket: No such file or directory
[256:285:1009/171126.507827:ERROR:bus.cc(407)] Failed to connect to the bus: Failed to connect to socket /run/dbus/system_bus_socket: No such file or directory
[256:282:1009/171126.509837:ERROR:bus.cc(407)] Failed to connect to the bus: Could not parse server address: Unknown address type (examples of valid types are "tcp" and on UNIX "unix")
[256:282:1009/171126.510185:ERROR:bus.cc(407)] Failed to connect to the bus: Could not parse server address: Unknown address type (examples of valid types are "tcp" and on UNIX "unix")
[256:282:1009/171126.510282:ERROR:bus.cc(407)] Failed to connect to the bus: Could not parse server address: Unknown address type (examples of valid types are "tcp" and on UNIX "unix")
[256:282:1009/171126.510413:ERROR:bus.cc(407)] Failed to connect to the bus: Could not parse server address: Unknown address type (examples of valid types are "tcp" and on UNIX "unix")
[256:282:1009/171126.510586:ERROR:bus.cc(407)] Failed to connect to the bus: Could not parse server address: Unknown address type (examples of valid types are "tcp" and on UNIX "unix")
[294:294:1009/171126.524845:WARNING:sandbox_linux.cc(430)] InitializeSandbox() called with multiple threads in process gpu-process.
[256:282:1009/171126.526939:ERROR:bus.cc(407)] Failed to connect to the bus: Could not parse server address: Unknown address type (examples of valid types are "tcp" and on UNIX "unix")
[256:282:1009/171126.527118:ERROR:bus.cc(407)] Failed to connect to the bus: Could not parse server address: Unknown address type (examples of valid types are "tcp" and on UNIX "unix")
[294:294:1009/171126.527516:WARNING:viz_main_impl.cc(85)] VizNullHypothesis is disabled (not a warning)
[340:340:1009/171126.578497:WARNING:runtime_features.cc(687)] AttributionReporting cannot be enabled in this configuration. Use --enable-features=ConversionMeasurement in addition.
[340:340:1009/171126.578966:WARNING:runtime_features.cc(701)] AttributionReportingCrossAppWeb cannot be enabled in this configuration. Use --enable-features=ConversionMeasurement,AttributionReportingCrossAppWeb in addition.
[256:256:1009/171126.584091:WARNING:bluez_dbus_manager.cc(234)] Floss manager service not available, cannot set Floss enable/disable.
[256:353:1009/171126.591815:ERROR:bus.cc(407)] Failed to connect to the bus: Failed to connect to socket /run/dbus/system_bus_socket: No such file or directory
[256:353:1009/171126.592081:ERROR:bus.cc(407)] Failed to connect to the bus: Failed to connect to socket /run/dbus/system_bus_socket: No such file or directory
[256:353:1009/171126.592363:ERROR:bus.cc(407)] Failed to connect to the bus: Failed to connect to socket /run/dbus/system_bus_socket: No such file or directory
[256:353:1009/171126.592649:WARNING:property.cc(149)] DaemonVersion: GetAndBlock: failed.
[256:353:1009/171126.592897:ERROR:bus.cc(407)] Failed to connect to the bus: Failed to connect to socket /run/dbus/system_bus_socket: No such file or directory
[256:353:1009/171126.593211:ERROR:bus.cc(407)] Failed to connect to the bus: Failed to connect to socket /run/dbus/system_bus_socket: No such file or directory
[355:355:1009/171126.628943:WARNING:runtime_features.cc(687)] AttributionReporting cannot be enabled in this configuration. Use --enable-features=ConversionMeasurement in addition.
[355:355:1009/171126.629247:WARNING:runtime_features.cc(701)] AttributionReportingCrossAppWeb cannot be enabled in this configuration. Use --enable-features=ConversionMeasurement,AttributionReportingCrossAppWeb in addition.
[364:364:1009/171126.660502:WARNING:runtime_features.cc(687)] AttributionReporting cannot be enabled in this configuration. Use --enable-features=ConversionMeasurement in addition.
[364:364:1009/171126.660739:WARNING:runtime_features.cc(701)] AttributionReportingCrossAppWeb cannot be enabled in this configuration. Use --enable-features=ConversionMeasurement,AttributionReportingCrossAppWeb in addition.
[256:256:1009/171128.288486:INFO:CONSOLE(196)] "Unrecognized feature: 'web-share'.", source: https://www.youtube.com/s/player/2b2385a0/www-widgetapi.vflset/www-widgetapi.js (196)
[383:383:1009/171128.296503:WARNING:runtime_features.cc(687)] AttributionReporting cannot be enabled in this configuration. Use --enable-features=ConversionMeasurement in addition.
[383:383:1009/171128.296775:WARNING:runtime_features.cc(701)] AttributionReportingCrossAppWeb cannot be enabled in this configuration. Use --enable-features=ConversionMeasurement,AttributionReportingCrossAppWeb in addition.
[295:333:1009/171128.470362:WARNING:spdy_session.cc(2975)] Received HEADERS for invalid stream 11
[295:333:1009/171128.472187:WARNING:spdy_session.cc(2975)] Received HEADERS for invalid stream 3
[295:333:1009/171128.476554:WARNING:spdy_session.cc(2975)] Received HEADERS for invalid stream 13
[295:333:1009/171128.493000:WARNING:spdy_session.cc(2975)] Received HEADERS for invalid stream 21
[256:256:1009/171129.272174:INFO:CONSOLE(0)] "[DOM] Password field is not contained in a form: (More info: https://goo.gl/9p2vKq) %o", source: https://accounts.spotify.com/login?continue=https%3A%2F%2Fcharts.spotify.com/login (0)
[392:392:1009/171129.911316:WARNING:runtime_features.cc(687)] AttributionReporting cannot be enabled in this configuration. Use --enable-features=ConversionMeasurement in addition.
[392:392:1009/171129.911600:WARNING:runtime_features.cc(701)] AttributionReportingCrossAppWeb cannot be enabled in this configuration. Use --enable-features=ConversionMeasurement,AttributionReportingCrossAppWeb in addition.
[410:410:1009/171132.343033:WARNING:runtime_features.cc(687)] AttributionReporting cannot be enabled in this configuration. Use --enable-features=ConversionMeasurement in addition.
[410:410:1009/171132.343485:WARNING:runtime_features.cc(701)] AttributionReportingCrossAppWeb cannot be enabled in this configuration. Use --enable-features=ConversionMeasurement,AttributionReportingCrossAppWeb in addition.
[256:256:1009/171132.972322:INFO:CONSOLE(1)] "Deprecation warning: value provided is not in a recognized RFC2822 or ISO format. moment construction falls back to js Date(), which is not reliable across all browsers and versions. Non RFC2822/ISO date formats are discouraged. Please refer to http://momentjs.com/guides/#/warnings/js-date/ for more info.
Arguments: 
[0] _isAMomentObject: true, _isUTC: false, _useUTC: false, _l: undefined, _i: Jan 29, _f: undefined, _strict: undefined, _locale: [object Object]
Error
    at Function.createFromInputFallback (https://mrkt-web.scdn.co/charts-spotify-com/_next/static/chunks/75fc9c18-6268e8a2f6ae8a14.js:1:3288)
    at Hn (https://mrkt-web.scdn.co/charts-spotify-com/_next/static/chunks/75fc9c18-6268e8a2f6ae8a14.js:1:27729)
    at $n (https://mrkt-web.scdn.co/charts-spotify-com/_next/static/chunks/75fc9c18-6268e8a2f6ae8a14.js:1:31075)
    at zn (https://mrkt-web.scdn.co/charts-spotify-com/_next/static/chunks/75fc9c18-6268e8a2f6ae8a14.js:1:30941)
    at Zn (https://mrkt-web.scdn.co/charts-spotify-com/_next/static/chunks/75fc9c18-6268e8a2f6ae8a14.js:1:30659)
    at qn (https://mrkt-web.scdn.co/charts-spotify-com/_next/static/chunks/75fc9c18-6268e8a2f6ae8a14.js:1:31433)
    at Bn (https://mrkt-web.scdn.co/charts-spotify-com/_next/static/chunks/75fc9c18-6268e8a2f6ae8a14.js:1:31467)
    at s (https://mrkt-web.scdn.co/charts-spotify-com/_next/static/chunks/75fc9c18-6268e8a2f6ae8a14.js:1:161)
    at s (https://mrkt-web.scdn.co/charts-spotify-com/_next/static/chunks/214-7fc9958bb19948f9.js:1:33375)
    at https://mrkt-web.scdn.co/charts-spotify-com/_next/static/chunks/pages/charts/view/%5Balias%5D/%5Bdate%5D-802697ff656a68a9.js:1:13892
    at Array.map (<anonymous>)
    at K (https://mrkt-web.scdn.co/charts-spotify-com/_next/static/chunks/pages/charts/view/%5Balias%5D/%5Bdate%5D-802697ff656a68a9.js:1:13855)
    at ro (https://mrkt-web.scdn.co/charts-spotify-com/_next/static/chunks/framework-dc33c0b5493501f0.js:1:59434)
    at Hu (https://mrkt-web.scdn.co/charts-spotify-com/_next/static/chunks/framework-dc33c0b5493501f0.js:1:111892)
    at Pi (https://mrkt-web.scdn.co/charts-spotify-com/_next/static/chunks/framework-dc33c0b5493501f0.js:1:99066)
    at xi (https://mrkt-web.scdn.co/charts-spotify-com/_next/static/chunks/framework-dc33c0b5493501f0.js:1:98994)
    at _i (https://mrkt-web.scdn.co/charts-spotify-com/_next/static/chunks/framework-dc33c0b5493501f0.js:1:98857)
    at vi (https://mrkt-web.scdn.co/charts-spotify-com/_next/static/chunks/framework-dc33c0b5493501f0.js:1:95823)
    at https://mrkt-web.scdn.co/charts-spotify-com/_next/static/chunks/framework-dc33c0b5493501f0.js:1:45202
    at t.unstable_runWithPriority (https://mrkt-web.scdn.co/charts-spotify-com/_next/static/chunks/framework-dc33c0b5493501f0.js:1:129529)
    at $l (https://mrkt-web.scdn.co/charts-spotify-com/_next/static/chunks/framework-dc33c0b5493501f0.js:1:44979)
    at Ql (https://mrkt-web.scdn.co/charts-spotify-com/_next/static/chunks/framework-dc33c0b5493501f0.js:1:45147)
    at Hl (https://mrkt-web.scdn.co/charts-spotify-com/_next/static/chunks/framework-dc33c0b5493501f0.js:1:45082)
    at fi (https://mrkt-web.scdn.co/charts-spotify-com/_next/static/chunks/framework-dc33c0b5493501f0.js:1:93192)
    at No (https://mrkt-web.scdn.co/charts-spotify-com/_next/static/chunks/framework-dc33c0b5493501f0.js:1:64759)
    at https://mrkt-web.scdn.co/charts-spotify-com/_next/static/chunks/279-49a5c3620c16a459.js:1:6550
    at https://mrkt-web.scdn.co/charts-spotify-com/_next/static/chunks/279-49a5c3620c16a459.js:1:7755
    at https://mrkt-web.scdn.co/charts-spotify-com/_next/static/chunks/279-49a5c3620c16a459.js:1:4447
    at Object.next (https://mrkt-web.scdn.co/charts-spotify-com/_next/static/chunks/279-49a5c3620c16a459.js:1:4552)
    at a (https://mrkt-web.scdn.co/charts-spotify-com/_next/static/chunks/279-49a5c3620c16a459.js:1:3289)", source: https://mrkt-web.scdn.co/charts-spotify-com/_next/static/chunks/pages/_app-21b239bd58aa6258.js (1)
