[1946:1946:1009/161520.940677:WARNING:chrome_main_delegate.cc(747)] This is Chrome version 129.0.6668.89 (not a warning)
[1946:1971:1009/161520.970314:ERROR:bus.cc(407)] Failed to connect to the bus: Failed to connect to socket /run/dbus/system_bus_socket: No such file or directory
[1946:1975:1009/161520.971462:ERROR:bus.cc(407)] Failed to connect to the bus: Failed to connect to socket /run/dbus/system_bus_socket: No such file or directory
[1946:1975:1009/161520.971575:ERROR:bus.cc(407)] Failed to connect to the bus: Failed to connect to socket /run/dbus/system_bus_socket: No such file or directory
[1946:1971:1009/161520.973467:ERROR:bus.cc(407)] Failed to connect to the bus: Could not parse server address: Unknown address type (examples of valid types are "tcp" and on UNIX "unix")
[1946:1971:1009/161520.973527:ERROR:bus.cc(407)] Failed to connect to the bus: Could not parse server address: Unknown address type (examples of valid types are "tcp" and on UNIX "unix")
[1946:1971:1009/161520.973668:ERROR:bus.cc(407)] Failed to connect to the bus: Could not parse server address: Unknown address type (examples of valid types are "tcp" and on UNIX "unix")
[1946:1971:1009/161520.973832:ERROR:bus.cc(407)] Failed to connect to the bus: Could not parse server address: Unknown address type (examples of valid types are "tcp" and on UNIX "unix")
[1946:1971:1009/161520.974098:ERROR:bus.cc(407)] Failed to connect to the bus: Could not parse server address: Unknown address type (examples of valid types are "tcp" and on UNIX "unix")
[1985:1985:1009/161520.989535:WARNING:sandbox_linux.cc(430)] InitializeSandbox() called with multiple threads in process gpu-process.
[1985:1985:1009/161520.990626:WARNING:viz_main_impl.cc(85)] VizNullHypothesis is disabled (not a warning)
[1946:1971:1009/161520.991745:ERROR:bus.cc(407)] Failed to connect to the bus: Could not parse server address: Unknown address type (examples of valid types are "tcp" and on UNIX "unix")
[1946:1971:1009/161520.992003:ERROR:bus.cc(407)] Failed to connect to the bus: Could not parse server address: Unknown address type (examples of valid types are "tcp" and on UNIX "unix")
[2030:2030:1009/161521.045630:WARNING:runtime_features.cc(687)] AttributionReporting cannot be enabled in this configuration. Use --enable-features=ConversionMeasurement in addition.
[2030:2030:1009/161521.046021:WARNING:runtime_features.cc(701)] AttributionReportingCrossAppWeb cannot be enabled in this configuration. Use --enable-features=ConversionMeasurement,AttributionReportingCrossAppWeb in addition.
[1946:1946:1009/161521.051991:WARNING:bluez_dbus_manager.cc(234)] Floss manager service not available, cannot set Floss enable/disable.
[1946:2043:1009/161521.059895:ERROR:bus.cc(407)] Failed to connect to the bus: Failed to connect to socket /run/dbus/system_bus_socket: No such file or directory
[1946:2043:1009/161521.060153:ERROR:bus.cc(407)] Failed to connect to the bus: Failed to connect to socket /run/dbus/system_bus_socket: No such file or directory
[1946:2043:1009/161521.060426:ERROR:bus.cc(407)] Failed to connect to the bus: Failed to connect to socket /run/dbus/system_bus_socket: No such file or directory
[1946:2043:1009/161521.060647:WARNING:property.cc(149)] DaemonVersion: GetAndBlock: failed.
[1946:2043:1009/161521.061019:ERROR:bus.cc(407)] Failed to connect to the bus: Failed to connect to socket /run/dbus/system_bus_socket: No such file or directory
[1946:2043:1009/161521.061279:ERROR:bus.cc(407)] Failed to connect to the bus: Failed to connect to socket /run/dbus/system_bus_socket: No such file or directory
[2045:2045:1009/161521.089199:WARNING:runtime_features.cc(687)] AttributionReporting cannot be enabled in this configuration. Use --enable-features=ConversionMeasurement in addition.
[2045:2045:1009/161521.089812:WARNING:runtime_features.cc(701)] AttributionReportingCrossAppWeb cannot be enabled in this configuration. Use --enable-features=ConversionMeasurement,AttributionReportingCrossAppWeb in addition.
[2055:2055:1009/161521.121755:WARNING:runtime_features.cc(687)] AttributionReporting cannot be enabled in this configuration. Use --enable-features=ConversionMeasurement in addition.
[2055:2055:1009/161521.122053:WARNING:runtime_features.cc(701)] AttributionReportingCrossAppWeb cannot be enabled in this configuration. Use --enable-features=ConversionMeasurement,AttributionReportingCrossAppWeb in addition.
[1946:1946:1009/161523.699218:INFO:CONSOLE(0)] "[DOM] Password field is not contained in a form: (More info: https://goo.gl/9p2vKq) %o", source: https://accounts.spotify.com/login?continue=https%3A%2F%2Fcharts.spotify.com/login (0)
[2078:2078:1009/161524.256515:WARNING:runtime_features.cc(687)] AttributionReporting cannot be enabled in this configuration. Use --enable-features=ConversionMeasurement in addition.
[2078:2078:1009/161524.256766:WARNING:runtime_features.cc(701)] AttributionReportingCrossAppWeb cannot be enabled in this configuration. Use --enable-features=ConversionMeasurement,AttributionReportingCrossAppWeb in addition.
[2103:2103:1009/161526.977568:WARNING:runtime_features.cc(687)] AttributionReporting cannot be enabled in this configuration. Use --enable-features=ConversionMeasurement in addition.
[2103:2103:1009/161526.977890:WARNING:runtime_features.cc(701)] AttributionReportingCrossAppWeb cannot be enabled in this configuration. Use --enable-features=ConversionMeasurement,AttributionReportingCrossAppWeb in addition.
