[2431:2431:1009/165453.322521:WARNING:chrome_main_delegate.cc(747)] This is Chrome version 129.0.6668.89 (not a warning)
[2431:2457:1009/165453.349637:ERROR:bus.cc(407)] Failed to connect to the bus: Failed to connect to socket /run/dbus/system_bus_socket: No such file or directory
[2431:2460:1009/165453.350721:ERROR:bus.cc(407)] Failed to connect to the bus: Failed to connect to socket /run/dbus/system_bus_socket: No such file or directory
[2431:2460:1009/165453.350858:ERROR:bus.cc(407)] Failed to connect to the bus: Failed to connect to socket /run/dbus/system_bus_socket: No such file or directory
[2431:2457:1009/165453.352636:ERROR:bus.cc(407)] Failed to connect to the bus: Could not parse server address: Unknown address type (examples of valid types are "tcp" and on UNIX "unix")
[2431:2457:1009/165453.353579:ERROR:bus.cc(407)] Failed to connect to the bus: Could not parse server address: Unknown address type (examples of valid types are "tcp" and on UNIX "unix")
[2431:2457:1009/165453.353796:ERROR:bus.cc(407)] Failed to connect to the bus: Could not parse server address: Unknown address type (examples of valid types are "tcp" and on UNIX "unix")
[2431:2457:1009/165453.353893:ERROR:bus.cc(407)] Failed to connect to the bus: Could not parse server address: Unknown address type (examples of valid types are "tcp" and on UNIX "unix")
[2431:2457:1009/165453.354022:ERROR:bus.cc(407)] Failed to connect to the bus: Could not parse server address: Unknown address type (examples of valid types are "tcp" and on UNIX "unix")
[2470:2470:1009/165453.368218:WARNING:sandbox_linux.cc(430)] InitializeSandbox() called with multiple threads in process gpu-process.
[2470:2470:1009/165453.369524:WARNING:viz_main_impl.cc(85)] VizNullHypothesis is disabled (not a warning)
[2431:2457:1009/165453.370050:ERROR:bus.cc(407)] Failed to connect to the bus: Could not parse server address: Unknown address type (examples of valid types are "tcp" and on UNIX "unix")
[2431:2457:1009/165453.370155:ERROR:bus.cc(407)] Failed to connect to the bus: Could not parse server address: Unknown address type (examples of valid types are "tcp" and on UNIX "unix")
[2515:2515:1009/165453.424376:WARNING:runtime_features.cc(687)] AttributionReporting cannot be enabled in this configuration. Use --enable-features=ConversionMeasurement in addition.
[2515:2515:1009/165453.425095:WARNING:runtime_features.cc(701)] AttributionReportingCrossAppWeb cannot be enabled in this configuration. Use --enable-features=ConversionMeasurement,AttributionReportingCrossAppWeb in addition.
[2431:2431:1009/165453.429667:WARNING:bluez_dbus_manager.cc(234)] Floss manager service not available, cannot set Floss enable/disable.
[2431:2528:1009/165453.437164:ERROR:bus.cc(407)] Failed to connect to the bus: Failed to connect to socket /run/dbus/system_bus_socket: No such file or directory
[2431:2528:1009/165453.437341:ERROR:bus.cc(407)] Failed to connect to the bus: Failed to connect to socket /run/dbus/system_bus_socket: No such file or directory
[2431:2528:1009/165453.437567:ERROR:bus.cc(407)] Failed to connect to the bus: Failed to connect to socket /run/dbus/system_bus_socket: No such file or directory
[2431:2528:1009/165453.437700:WARNING:property.cc(149)] DaemonVersion: GetAndBlock: failed.
[2431:2528:1009/165453.437950:ERROR:bus.cc(407)] Failed to connect to the bus: Failed to connect to socket /run/dbus/system_bus_socket: No such file or directory
[2431:2528:1009/165453.438272:ERROR:bus.cc(407)] Failed to connect to the bus: Failed to connect to socket /run/dbus/system_bus_socket: No such file or directory
[2530:2530:1009/165453.471681:WARNING:runtime_features.cc(687)] AttributionReporting cannot be enabled in this configuration. Use --enable-features=ConversionMeasurement in addition.
[2530:2530:1009/165453.471916:WARNING:runtime_features.cc(701)] AttributionReportingCrossAppWeb cannot be enabled in this configuration. Use --enable-features=ConversionMeasurement,AttributionReportingCrossAppWeb in addition.
[2539:2539:1009/165453.512961:WARNING:runtime_features.cc(687)] AttributionReporting cannot be enabled in this configuration. Use --enable-features=ConversionMeasurement in addition.
[2539:2539:1009/165453.513458:WARNING:runtime_features.cc(701)] AttributionReportingCrossAppWeb cannot be enabled in this configuration. Use --enable-features=ConversionMeasurement,AttributionReportingCrossAppWeb in addition.
[2431:2431:1009/165455.108226:INFO:CONSOLE(196)] "Unrecognized feature: 'web-share'.", source: https://www.youtube.com/s/player/2b2385a0/www-widgetapi.vflset/www-widgetapi.js (196)
[2556:2556:1009/165455.115913:WARNING:runtime_features.cc(687)] AttributionReporting cannot be enabled in this configuration. Use --enable-features=ConversionMeasurement in addition.
[2556:2556:1009/165455.116121:WARNING:runtime_features.cc(701)] AttributionReportingCrossAppWeb cannot be enabled in this configuration. Use --enable-features=ConversionMeasurement,AttributionReportingCrossAppWeb in addition.
[2471:2508:1009/165455.261497:WARNING:spdy_session.cc(2975)] Received HEADERS for invalid stream 7
[2471:2508:1009/165455.288830:WARNING:spdy_session.cc(2975)] Received HEADERS for invalid stream 9
[2471:2508:1009/165455.293362:WARNING:spdy_session.cc(2975)] Received HEADERS for invalid stream 11
[2471:2508:1009/165455.293516:WARNING:spdy_session.cc(2975)] Received HEADERS for invalid stream 13
[2431:2431:1009/165456.190795:INFO:CONSOLE(0)] "[DOM] Password field is not contained in a form: (More info: https://goo.gl/9p2vKq) %o", source: https://accounts.spotify.com/login?continue=https%3A%2F%2Fcharts.spotify.com/login (0)
[2566:2566:1009/165456.682307:WARNING:runtime_features.cc(687)] AttributionReporting cannot be enabled in this configuration. Use --enable-features=ConversionMeasurement in addition.
[2566:2566:1009/165456.682611:WARNING:runtime_features.cc(701)] AttributionReportingCrossAppWeb cannot be enabled in this configuration. Use --enable-features=ConversionMeasurement,AttributionReportingCrossAppWeb in addition.
