[1698:1698:1009/170323.495184:WARNING:chrome_main_delegate.cc(747)] This is Chrome version 129.0.6668.89 (not a warning)
[1698:1724:1009/170323.523600:ERROR:bus.cc(407)] Failed to connect to the bus: Failed to connect to socket /run/dbus/system_bus_socket: No such file or directory
[1698:1727:1009/170323.524853:ERROR:bus.cc(407)] Failed to connect to the bus: Failed to connect to socket /run/dbus/system_bus_socket: No such file or directory
[1698:1727:1009/170323.526894:ERROR:bus.cc(407)] Failed to connect to the bus: Failed to connect to socket /run/dbus/system_bus_socket: No such file or directory
[1698:1724:1009/170323.527140:ERROR:bus.cc(407)] Failed to connect to the bus: Could not parse server address: Unknown address type (examples of valid types are "tcp" and on UNIX "unix")
[1698:1724:1009/170323.527272:ERROR:bus.cc(407)] Failed to connect to the bus: Could not parse server address: Unknown address type (examples of valid types are "tcp" and on UNIX "unix")
[1698:1724:1009/170323.527525:ERROR:bus.cc(407)] Failed to connect to the bus: Could not parse server address: Unknown address type (examples of valid types are "tcp" and on UNIX "unix")
[1698:1724:1009/170323.527635:ERROR:bus.cc(407)] Failed to connect to the bus: Could not parse server address: Unknown address type (examples of valid types are "tcp" and on UNIX "unix")
[1698:1724:1009/170323.527759:ERROR:bus.cc(407)] Failed to connect to the bus: Could not parse server address: Unknown address type (examples of valid types are "tcp" and on UNIX "unix")
[1737:1737:1009/170323.543167:WARNING:sandbox_linux.cc(430)] InitializeSandbox() called with multiple threads in process gpu-process.
[1698:1724:1009/170323.544953:ERROR:bus.cc(407)] Failed to connect to the bus: Could not parse server address: Unknown address type (examples of valid types are "tcp" and on UNIX "unix")
[1698:1724:1009/170323.545086:ERROR:bus.cc(407)] Failed to connect to the bus: Could not parse server address: Unknown address type (examples of valid types are "tcp" and on UNIX "unix")
[1737:1737:1009/170323.546906:WARNING:viz_main_impl.cc(85)] VizNullHypothesis is disabled (not a warning)
[1781:1781:1009/170323.602622:WARNING:runtime_features.cc(687)] AttributionReporting cannot be enabled in this configuration. Use --enable-features=ConversionMeasurement in addition.
[1781:1781:1009/170323.603134:WARNING:runtime_features.cc(701)] AttributionReportingCrossAppWeb cannot be enabled in this configuration. Use --enable-features=ConversionMeasurement,AttributionReportingCrossAppWeb in addition.
[1698:1698:1009/170323.609748:WARNING:bluez_dbus_manager.cc(234)] Floss manager service not available, cannot set Floss enable/disable.
[1698:1795:1009/170323.617587:ERROR:bus.cc(407)] Failed to connect to the bus: Failed to connect to socket /run/dbus/system_bus_socket: No such file or directory
[1698:1795:1009/170323.617982:ERROR:bus.cc(407)] Failed to connect to the bus: Failed to connect to socket /run/dbus/system_bus_socket: No such file or directory
[1698:1795:1009/170323.618895:ERROR:bus.cc(407)] Failed to connect to the bus: Failed to connect to socket /run/dbus/system_bus_socket: No such file or directory
[1698:1795:1009/170323.619271:WARNING:property.cc(149)] DaemonVersion: GetAndBlock: failed.
[1698:1795:1009/170323.619675:ERROR:bus.cc(407)] Failed to connect to the bus: Failed to connect to socket /run/dbus/system_bus_socket: No such file or directory
[1698:1795:1009/170323.619916:ERROR:bus.cc(407)] Failed to connect to the bus: Failed to connect to socket /run/dbus/system_bus_socket: No such file or directory
[1797:1797:1009/170323.633681:WARNING:runtime_features.cc(687)] AttributionReporting cannot be enabled in this configuration. Use --enable-features=ConversionMeasurement in addition.
[1797:1797:1009/170323.635945:WARNING:runtime_features.cc(701)] AttributionReportingCrossAppWeb cannot be enabled in this configuration. Use --enable-features=ConversionMeasurement,AttributionReportingCrossAppWeb in addition.
[1806:1806:1009/170323.694783:WARNING:runtime_features.cc(687)] AttributionReporting cannot be enabled in this configuration. Use --enable-features=ConversionMeasurement in addition.
[1806:1806:1009/170323.695392:WARNING:runtime_features.cc(701)] AttributionReportingCrossAppWeb cannot be enabled in this configuration. Use --enable-features=ConversionMeasurement,AttributionReportingCrossAppWeb in addition.
[1698:1698:1009/170325.443026:INFO:CONSOLE(196)] "Unrecognized feature: 'web-share'.", source: https://www.youtube.com/s/player/2b2385a0/www-widgetapi.vflset/www-widgetapi.js (196)
[1823:1823:1009/170325.450982:WARNING:runtime_features.cc(687)] AttributionReporting cannot be enabled in this configuration. Use --enable-features=ConversionMeasurement in addition.
[1823:1823:1009/170325.451234:WARNING:runtime_features.cc(701)] AttributionReportingCrossAppWeb cannot be enabled in this configuration. Use --enable-features=ConversionMeasurement,AttributionReportingCrossAppWeb in addition.
[1738:1775:1009/170325.540225:WARNING:spdy_session.cc(2975)] Received HEADERS for invalid stream 7
[1738:1775:1009/170325.554326:WARNING:spdy_session.cc(2975)] Received HEADERS for invalid stream 9
[1738:1775:1009/170325.575372:WARNING:spdy_session.cc(2975)] Received HEADERS for invalid stream 5
[1698:1698:1009/170326.449806:INFO:CONSOLE(0)] "[DOM] Password field is not contained in a form: (More info: https://goo.gl/9p2vKq) %o", source: https://accounts.spotify.com/login?continue=https%3A%2F%2Fcharts.spotify.com/login (0)
[1833:1833:1009/170327.059911:WARNING:runtime_features.cc(687)] AttributionReporting cannot be enabled in this configuration. Use --enable-features=ConversionMeasurement in addition.
[1833:1833:1009/170327.060178:WARNING:runtime_features.cc(701)] AttributionReportingCrossAppWeb cannot be enabled in this configuration. Use --enable-features=ConversionMeasurement,AttributionReportingCrossAppWeb in addition.
[1852:1852:1009/170329.517059:WARNING:runtime_features.cc(687)] AttributionReporting cannot be enabled in this configuration. Use --enable-features=ConversionMeasurement in addition.
[1852:1852:1009/170329.517394:WARNING:runtime_features.cc(701)] AttributionReportingCrossAppWeb cannot be enabled in this configuration. Use --enable-features=ConversionMeasurement,AttributionReportingCrossAppWeb in addition.
[1698:1698:1009/170329.983355:INFO:CONSOLE(1)] "Deprecation warning: value provided is not in a recognized RFC2822 or ISO format. moment construction falls back to js Date(), which is not reliable across all browsers and versions. Non RFC2822/ISO date formats are discouraged. Please refer to http://momentjs.com/guides/#/warnings/js-date/ for more info.
Arguments: 
[0] _isAMomentObject: true, _isUTC: false, _useUTC: false, _l: undefined, _i: Jan 29, _f: undefined, _strict: undefined, _locale: [object Object]
Error
    at Function.createFromInputFallback (https://mrkt-web.scdn.co/charts-spotify-com/_next/static/chunks/75fc9c18-6268e8a2f6ae8a14.js:1:3288)
    at Hn (https://mrkt-web.scdn.co/charts-spotify-com/_next/static/chunks/75fc9c18-6268e8a2f6ae8a14.js:1:27729)
    at $n (https://mrkt-web.scdn.co/charts-spotify-com/_next/static/chunks/75fc9c18-6268e8a2f6ae8a14.js:1:31075)
    at zn (https://mrkt-web.scdn.co/charts-spotify-com/_next/static/chunks/75fc9c18-6268e8a2f6ae8a14.js:1:30941)
    at Zn (https://mrkt-web.scdn.co/charts-spotify-com/_next/static/chunks/75fc9c18-6268e8a2f6ae8a14.js:1:30659)
    at qn (https://mrkt-web.scdn.co/charts-spotify-com/_next/static/chunks/75fc9c18-6268e8a2f6ae8a14.js:1:31433)
    at Bn (https://mrkt-web.scdn.co/charts-spotify-com/_next/static/chunks/75fc9c18-6268e8a2f6ae8a14.js:1:31467)
    at s (https://mrkt-web.scdn.co/charts-spotify-com/_next/static/chunks/75fc9c18-6268e8a2f6ae8a14.js:1:161)
    at s (https://mrkt-web.scdn.co/charts-spotify-com/_next/static/chunks/214-7fc9958bb19948f9.js:1:33375)
    at https://mrkt-web.scdn.co/charts-spotify-com/_next/static/chunks/pages/charts/view/%5Balias%5D/%5Bdate%5D-802697ff656a68a9.js:1:13892
    at Array.map (<anonymous>)
    at K (https://mrkt-web.scdn.co/charts-spotify-com/_next/static/chunks/pages/charts/view/%5Balias%5D/%5Bdate%5D-802697ff656a68a9.js:1:13855)
    at ro (https://mrkt-web.scdn.co/charts-spotify-com/_next/static/chunks/framework-dc33c0b5493501f0.js:1:59434)
    at Hu (https://mrkt-web.scdn.co/charts-spotify-com/_next/static/chunks/framework-dc33c0b5493501f0.js:1:111892)
    at Pi (https://mrkt-web.scdn.co/charts-spotify-com/_next/static/chunks/framework-dc33c0b5493501f0.js:1:99066)
    at xi (https://mrkt-web.scdn.co/charts-spotify-com/_next/static/chunks/framework-dc33c0b5493501f0.js:1:98994)
    at _i (https://mrkt-web.scdn.co/charts-spotify-com/_next/static/chunks/framework-dc33c0b5493501f0.js:1:98857)
    at vi (https://mrkt-web.scdn.co/charts-spotify-com/_next/static/chunks/framework-dc33c0b5493501f0.js:1:95823)
    at https://mrkt-web.scdn.co/charts-spotify-com/_next/static/chunks/framework-dc33c0b5493501f0.js:1:45202
    at t.unstable_runWithPriority (https://mrkt-web.scdn.co/charts-spotify-com/_next/static/chunks/framework-dc33c0b5493501f0.js:1:129529)
    at $l (https://mrkt-web.scdn.co/charts-spotify-com/_next/static/chunks/framework-dc33c0b5493501f0.js:1:44979)
    at Ql (https://mrkt-web.scdn.co/charts-spotify-com/_next/static/chunks/framework-dc33c0b5493501f0.js:1:45147)
    at Hl (https://mrkt-web.scdn.co/charts-spotify-com/_next/static/chunks/framework-dc33c0b5493501f0.js:1:45082)
    at fi (https://mrkt-web.scdn.co/charts-spotify-com/_next/static/chunks/framework-dc33c0b5493501f0.js:1:93192)
    at No (https://mrkt-web.scdn.co/charts-spotify-com/_next/static/chunks/framework-dc33c0b5493501f0.js:1:64759)
    at https://mrkt-web.scdn.co/charts-spotify-com/_next/static/chunks/279-49a5c3620c16a459.js:1:6550
    at https://mrkt-web.scdn.co/charts-spotify-com/_next/static/chunks/279-49a5c3620c16a459.js:1:7755
    at https://mrkt-web.scdn.co/charts-spotify-com/_next/static/chunks/279-49a5c3620c16a459.js:1:4447
    at Object.next (https://mrkt-web.scdn.co/charts-spotify-com/_next/static/chunks/279-49a5c3620c16a459.js:1:4552)
    at a (https://mrkt-web.scdn.co/charts-spotify-com/_next/static/chunks/279-49a5c3620c16a459.js:1:3289)", source: https://mrkt-web.scdn.co/charts-spotify-com/_next/static/chunks/pages/_app-21b239bd58aa6258.js (1)
[1861:1861:1009/170330.493705:WARNING:runtime_features.cc(687)] AttributionReporting cannot be enabled in this configuration. Use --enable-features=ConversionMeasurement in addition.
[1861:1861:1009/170330.494956:WARNING:runtime_features.cc(701)] AttributionReportingCrossAppWeb cannot be enabled in this configuration. Use --enable-features=ConversionMeasurement,AttributionReportingCrossAppWeb in addition.
[1698:1698:1009/170334.518136:INFO:CONSOLE(1)] "Deprecation warning: value provided is not in a recognized RFC2822 or ISO format. moment construction falls back to js Date(), which is not reliable across all browsers and versions. Non RFC2822/ISO date formats are discouraged. Please refer to http://momentjs.com/guides/#/warnings/js-date/ for more info.
Arguments: 
[0] _isAMomentObject: true, _isUTC: false, _useUTC: false, _l: undefined, _i: Dec 23, _f: undefined, _strict: undefined, _locale: [object Object]
Error
    at Function.createFromInputFallback (https://mrkt-web.scdn.co/charts-spotify-com/_next/static/chunks/75fc9c18-6268e8a2f6ae8a14.js:1:3288)
    at Hn (https://mrkt-web.scdn.co/charts-spotify-com/_next/static/chunks/75fc9c18-6268e8a2f6ae8a14.js:1:27729)
    at $n (https://mrkt-web.scdn.co/charts-spotify-com/_next/static/chunks/75fc9c18-6268e8a2f6ae8a14.js:1:31075)
    at zn (https://mrkt-web.scdn.co/charts-spotify-com/_next/static/chunks/75fc9c18-6268e8a2f6ae8a14.js:1:30941)
    at Zn (https://mrkt-web.scdn.co/charts-spotify-com/_next/static/chunks/75fc9c18-6268e8a2f6ae8a14.js:1:30659)
    at qn (https://mrkt-web.scdn.co/charts-spotify-com/_next/static/chunks/75fc9c18-6268e8a2f6ae8a14.js:1:31433)
    at Bn (https://mrkt-web.scdn.co/charts-spotify-com/_next/static/chunks/75fc9c18-6268e8a2f6ae8a14.js:1:31467)
    at s (https://mrkt-web.scdn.co/charts-spotify-com/_next/static/chunks/75fc9c18-6268e8a2f6ae8a14.js:1:161)
    at s (https://mrkt-web.scdn.co/charts-spotify-com/_next/static/chunks/214-7fc9958bb19948f9.js:1:33375)
    at https://mrkt-web.scdn.co/charts-spotify-com/_next/static/chunks/pages/charts/view/%5Balias%5D/%5Bdate%5D-802697ff656a68a9.js:1:13892
    at Array.map (<anonymous>)
    at K (https://mrkt-web.scdn.co/charts-spotify-com/_next/static/chunks/pages/charts/view/%5Balias%5D/%5Bdate%5D-802697ff656a68a9.js:1:13855)
    at ro (https://mrkt-web.scdn.co/charts-spotify-com/_next/static/chunks/framework-dc33c0b5493501f0.js:1:59434)
    at Hu (https://mrkt-web.scdn.co/charts-spotify-com/_next/static/chunks/framework-dc33c0b5493501f0.js:1:111892)
    at Pi (https://mrkt-web.scdn.co/charts-spotify-com/_next/static/chunks/framework-dc33c0b5493501f0.js:1:99066)
    at xi (https://mrkt-web.scdn.co/charts-spotify-com/_next/static/chunks/framework-dc33c0b5493501f0.js:1:98994)
    at _i (https://mrkt-web.scdn.co/charts-spotify-com/_next/static/chunks/framework-dc33c0b5493501f0.js:1:98857)
    at vi (https://mrkt-web.scdn.co/charts-spotify-com/_next/static/chunks/framework-dc33c0b5493501f0.js:1:95823)
    at https://mrkt-web.scdn.co/charts-spotify-com/_next/static/chunks/framework-dc33c0b5493501f0.js:1:45202
    at t.unstable_runWithPriority (https://mrkt-web.scdn.co/charts-spotify-com/_next/static/chunks/framework-dc33c0b5493501f0.js:1:129529)
    at $l (https://mrkt-web.scdn.co/charts-spotify-com/_next/static/chunks/framework-dc33c0b5493501f0.js:1:44979)
    at Ql (https://mrkt-web.scdn.co/charts-spotify-com/_next/static/chunks/framework-dc33c0b5493501f0.js:1:45147)
    at Hl (https://mrkt-web.scdn.co/charts-spotify-com/_next/static/chunks/framework-dc33c0b5493501f0.js:1:45082)
    at fi (https://mrkt-web.scdn.co/charts-spotify-com/_next/static/chunks/framework-dc33c0b5493501f0.js:1:93192)
    at No (https://mrkt-web.scdn.co/charts-spotify-com/_next/static/chunks/framework-dc33c0b5493501f0.js:1:64759)
    at https://mrkt-web.scdn.co/charts-spotify-com/_next/static/chunks/279-49a5c3620c16a459.js:1:6550
    at https://mrkt-web.scdn.co/charts-spotify-com/_next/static/chunks/279-49a5c3620c16a459.js:1:7755
    at https://mrkt-web.scdn.co/charts-spotify-com/_next/static/chunks/279-49a5c3620c16a459.js:1:4447
    at Object.next (https://mrkt-web.scdn.co/charts-spotify-com/_next/static/chunks/279-49a5c3620c16a459.js:1:4552)
    at a (https://mrkt-web.scdn.co/charts-spotify-com/_next/static/chunks/279-49a5c3620c16a459.js:1:3289)", source: https://mrkt-web.scdn.co/charts-spotify-com/_next/static/chunks/pages/_app-21b239bd58aa6258.js (1)
