[520:520:1009/161219.632132:WARNING:chrome_main_delegate.cc(747)] This is Chrome version 129.0.6668.89 (not a warning)
[520:545:1009/161219.660860:ERROR:bus.cc(407)] Failed to connect to the bus: Failed to connect to socket /run/dbus/system_bus_socket: No such file or directory
[520:549:1009/161219.661803:ERROR:bus.cc(407)] Failed to connect to the bus: Failed to connect to socket /run/dbus/system_bus_socket: No such file or directory
[520:549:1009/161219.662530:ERROR:bus.cc(407)] Failed to connect to the bus: Failed to connect to socket /run/dbus/system_bus_socket: No such file or directory
[520:545:1009/161219.663852:ERROR:bus.cc(407)] Failed to connect to the bus: Could not parse server address: Unknown address type (examples of valid types are "tcp" and on UNIX "unix")
[520:545:1009/161219.664031:ERROR:bus.cc(407)] Failed to connect to the bus: Could not parse server address: Unknown address type (examples of valid types are "tcp" and on UNIX "unix")
[520:545:1009/161219.664256:ERROR:bus.cc(407)] Failed to connect to the bus: Could not parse server address: Unknown address type (examples of valid types are "tcp" and on UNIX "unix")
[520:545:1009/161219.664300:ERROR:bus.cc(407)] Failed to connect to the bus: Could not parse server address: Unknown address type (examples of valid types are "tcp" and on UNIX "unix")
[520:545:1009/161219.664427:ERROR:bus.cc(407)] Failed to connect to the bus: Could not parse server address: Unknown address type (examples of valid types are "tcp" and on UNIX "unix")
[559:559:1009/161219.679106:WARNING:sandbox_linux.cc(430)] InitializeSandbox() called with multiple threads in process gpu-process.
[559:559:1009/161219.679889:WARNING:viz_main_impl.cc(85)] VizNullHypothesis is disabled (not a warning)
[520:545:1009/161219.681568:ERROR:bus.cc(407)] Failed to connect to the bus: Could not parse server address: Unknown address type (examples of valid types are "tcp" and on UNIX "unix")
[520:545:1009/161219.681710:ERROR:bus.cc(407)] Failed to connect to the bus: Could not parse server address: Unknown address type (examples of valid types are "tcp" and on UNIX "unix")
[604:604:1009/161219.735195:WARNING:runtime_features.cc(687)] AttributionReporting cannot be enabled in this configuration. Use --enable-features=ConversionMeasurement in addition.
[604:604:1009/161219.735679:WARNING:runtime_features.cc(701)] AttributionReportingCrossAppWeb cannot be enabled in this configuration. Use --enable-features=ConversionMeasurement,AttributionReportingCrossAppWeb in addition.
[520:520:1009/161219.740884:WARNING:bluez_dbus_manager.cc(234)] Floss manager service not available, cannot set Floss enable/disable.
[520:616:1009/161219.751018:ERROR:bus.cc(407)] Failed to connect to the bus: Failed to connect to socket /run/dbus/system_bus_socket: No such file or directory
[520:616:1009/161219.751267:ERROR:bus.cc(407)] Failed to connect to the bus: Failed to connect to socket /run/dbus/system_bus_socket: No such file or directory
[520:616:1009/161219.752848:ERROR:bus.cc(407)] Failed to connect to the bus: Failed to connect to socket /run/dbus/system_bus_socket: No such file or directory
[520:616:1009/161219.753217:WARNING:property.cc(149)] DaemonVersion: GetAndBlock: failed.
[520:616:1009/161219.753478:ERROR:bus.cc(407)] Failed to connect to the bus: Failed to connect to socket /run/dbus/system_bus_socket: No such file or directory
[520:616:1009/161219.755347:ERROR:bus.cc(407)] Failed to connect to the bus: Failed to connect to socket /run/dbus/system_bus_socket: No such file or directory
[619:619:1009/161219.790900:WARNING:runtime_features.cc(687)] AttributionReporting cannot be enabled in this configuration. Use --enable-features=ConversionMeasurement in addition.
[619:619:1009/161219.791230:WARNING:runtime_features.cc(701)] AttributionReportingCrossAppWeb cannot be enabled in this configuration. Use --enable-features=ConversionMeasurement,AttributionReportingCrossAppWeb in addition.
[628:628:1009/161219.818928:WARNING:runtime_features.cc(687)] AttributionReporting cannot be enabled in this configuration. Use --enable-features=ConversionMeasurement in addition.
[628:628:1009/161219.819377:WARNING:runtime_features.cc(701)] AttributionReportingCrossAppWeb cannot be enabled in this configuration. Use --enable-features=ConversionMeasurement,AttributionReportingCrossAppWeb in addition.
[520:520:1009/161221.472618:INFO:CONSOLE(196)] "Unrecognized feature: 'web-share'.", source: https://www.youtube.com/s/player/8579e400/www-widgetapi.vflset/www-widgetapi.js (196)
[652:652:1009/161221.480774:WARNING:runtime_features.cc(687)] AttributionReporting cannot be enabled in this configuration. Use --enable-features=ConversionMeasurement in addition.
[652:652:1009/161221.481059:WARNING:runtime_features.cc(701)] AttributionReportingCrossAppWeb cannot be enabled in this configuration. Use --enable-features=ConversionMeasurement,AttributionReportingCrossAppWeb in addition.
[560:597:1009/161221.664616:WARNING:spdy_session.cc(2975)] Received HEADERS for invalid stream 13
[560:597:1009/161221.687916:WARNING:spdy_session.cc(2975)] Received HEADERS for invalid stream 15
[560:597:1009/161221.695582:WARNING:spdy_session.cc(2975)] Received HEADERS for invalid stream 17
[560:597:1009/161221.695828:WARNING:spdy_session.cc(2975)] Received HEADERS for invalid stream 19
[560:597:1009/161221.697690:WARNING:spdy_session.cc(2975)] Received HEADERS for invalid stream 21
[520:520:1009/161222.564674:INFO:CONSOLE(0)] "[DOM] Password field is not contained in a form: (More info: https://goo.gl/9p2vKq) %o", source: https://accounts.spotify.com/login?continue=https%3A%2F%2Fcharts.spotify.com/login (0)
[662:662:1009/161223.090102:WARNING:runtime_features.cc(687)] AttributionReporting cannot be enabled in this configuration. Use --enable-features=ConversionMeasurement in addition.
[662:662:1009/161223.090456:WARNING:runtime_features.cc(701)] AttributionReportingCrossAppWeb cannot be enabled in this configuration. Use --enable-features=ConversionMeasurement,AttributionReportingCrossAppWeb in addition.
[686:686:1009/161225.498990:WARNING:runtime_features.cc(687)] AttributionReporting cannot be enabled in this configuration. Use --enable-features=ConversionMeasurement in addition.
[686:686:1009/161225.499791:WARNING:runtime_features.cc(701)] AttributionReportingCrossAppWeb cannot be enabled in this configuration. Use --enable-features=ConversionMeasurement,AttributionReportingCrossAppWeb in addition.
[520:520:1009/161228.665374:INFO:CONSOLE(0)] "The resource https://encore.scdn.co/fonts/SpotifyMixUI-Regular-cc3b1de388efa4cbca6c75cebc24585e.woff2 was preloaded using link preload but not used within a few seconds from the window's load event. Please make sure it has an appropriate `as` value and it is preloaded intentionally.", source: https://charts.spotify.com/charts/overview/global (0)
[520:520:1009/161228.666037:INFO:CONSOLE(0)] "The resource https://encore.scdn.co/fonts/SpotifyMixUITitleVariable-8769ccfde3379b7ebcadd9529b49d0cc.woff2 was preloaded using link preload but not used within a few seconds from the window's load event. Please make sure it has an appropriate `as` value and it is preloaded intentionally.", source: https://charts.spotify.com/charts/overview/global (0)
[520:520:1009/161228.666299:INFO:CONSOLE(0)] "The resource https://encore.scdn.co/fonts/SpotifyMixUITitle-Extrabold-ba6c73cd7f82c81e49cf2204017803ed.woff2 was preloaded using link preload but not used within a few seconds from the window's load event. Please make sure it has an appropriate `as` value and it is preloaded intentionally.", source: https://charts.spotify.com/charts/overview/global (0)
[520:520:1009/161228.666624:INFO:CONSOLE(0)] "The resource https://encore.scdn.co/fonts/SpotifyMixUI-Bold-4264b799009b1db5c491778b1bc8e5b7.woff2 was preloaded using link preload but not used within a few seconds from the window's load event. Please make sure it has an appropriate `as` value and it is preloaded intentionally.", source: https://charts.spotify.com/charts/overview/global (0)
[520:520:1009/161228.667092:INFO:CONSOLE(0)] "The resource https://encore.scdn.co/fonts/SpotifyMixUITitle-Bold-37290f1de77f297fcc26d71e9afcf43f.woff2 was preloaded using link preload but not used within a few seconds from the window's load event. Please make sure it has an appropriate `as` value and it is preloaded intentionally.", source: https://charts.spotify.com/charts/overview/global (0)
