[3053:3053:1009/161755.488907:WARNING:chrome_main_delegate.cc(747)] This is Chrome version 129.0.6668.89 (not a warning)
[3053:3079:1009/161755.519054:ERROR:bus.cc(407)] Failed to connect to the bus: Failed to connect to socket /run/dbus/system_bus_socket: No such file or directory
[3053:3082:1009/161755.520236:ERROR:bus.cc(407)] Failed to connect to the bus: Failed to connect to socket /run/dbus/system_bus_socket: No such file or directory
[3053:3082:1009/161755.520342:ERROR:bus.cc(407)] Failed to connect to the bus: Failed to connect to socket /run/dbus/system_bus_socket: No such file or directory
[3053:3079:1009/161755.522243:ERROR:bus.cc(407)] Failed to connect to the bus: Could not parse server address: Unknown address type (examples of valid types are "tcp" and on UNIX "unix")
[3053:3079:1009/161755.522389:ERROR:bus.cc(407)] Failed to connect to the bus: Could not parse server address: Unknown address type (examples of valid types are "tcp" and on UNIX "unix")
[3053:3079:1009/161755.522574:ERROR:bus.cc(407)] Failed to connect to the bus: Could not parse server address: Unknown address type (examples of valid types are "tcp" and on UNIX "unix")
[3053:3079:1009/161755.522719:ERROR:bus.cc(407)] Failed to connect to the bus: Could not parse server address: Unknown address type (examples of valid types are "tcp" and on UNIX "unix")
[3053:3079:1009/161755.522875:ERROR:bus.cc(407)] Failed to connect to the bus: Could not parse server address: Unknown address type (examples of valid types are "tcp" and on UNIX "unix")
[3092:3092:1009/161755.541248:WARNING:sandbox_linux.cc(430)] InitializeSandbox() called with multiple threads in process gpu-process.
[3092:3092:1009/161755.541965:WARNING:viz_main_impl.cc(85)] VizNullHypothesis is disabled (not a warning)
[3053:3079:1009/161755.544766:ERROR:bus.cc(407)] Failed to connect to the bus: Could not parse server address: Unknown address type (examples of valid types are "tcp" and on UNIX "unix")
[3053:3079:1009/161755.544982:ERROR:bus.cc(407)] Failed to connect to the bus: Could not parse server address: Unknown address type (examples of valid types are "tcp" and on UNIX "unix")
[3144:3144:1009/161755.590994:WARNING:runtime_features.cc(687)] AttributionReporting cannot be enabled in this configuration. Use --enable-features=ConversionMeasurement in addition.
[3144:3144:1009/161755.591641:WARNING:runtime_features.cc(701)] AttributionReportingCrossAppWeb cannot be enabled in this configuration. Use --enable-features=ConversionMeasurement,AttributionReportingCrossAppWeb in addition.
[3053:3053:1009/161755.595675:WARNING:bluez_dbus_manager.cc(234)] Floss manager service not available, cannot set Floss enable/disable.
[3053:3157:1009/161755.612400:ERROR:bus.cc(407)] Failed to connect to the bus: Failed to connect to socket /run/dbus/system_bus_socket: No such file or directory
[3053:3157:1009/161755.612756:ERROR:bus.cc(407)] Failed to connect to the bus: Failed to connect to socket /run/dbus/system_bus_socket: No such file or directory
[3053:3157:1009/161755.613074:ERROR:bus.cc(407)] Failed to connect to the bus: Failed to connect to socket /run/dbus/system_bus_socket: No such file or directory
[3053:3157:1009/161755.613321:WARNING:property.cc(149)] DaemonVersion: GetAndBlock: failed.
[3053:3157:1009/161755.613609:ERROR:bus.cc(407)] Failed to connect to the bus: Failed to connect to socket /run/dbus/system_bus_socket: No such file or directory
[3053:3157:1009/161755.615706:ERROR:bus.cc(407)] Failed to connect to the bus: Failed to connect to socket /run/dbus/system_bus_socket: No such file or directory
[3159:3159:1009/161755.658596:WARNING:runtime_features.cc(687)] AttributionReporting cannot be enabled in this configuration. Use --enable-features=ConversionMeasurement in addition.
[3159:3159:1009/161755.659117:WARNING:runtime_features.cc(701)] AttributionReportingCrossAppWeb cannot be enabled in this configuration. Use --enable-features=ConversionMeasurement,AttributionReportingCrossAppWeb in addition.
[3168:3168:1009/161755.689577:WARNING:runtime_features.cc(687)] AttributionReporting cannot be enabled in this configuration. Use --enable-features=ConversionMeasurement in addition.
[3168:3168:1009/161755.689965:WARNING:runtime_features.cc(701)] AttributionReportingCrossAppWeb cannot be enabled in this configuration. Use --enable-features=ConversionMeasurement,AttributionReportingCrossAppWeb in addition.
[3053:3053:1009/161758.743673:INFO:CONSOLE(0)] "[DOM] Password field is not contained in a form: (More info: https://goo.gl/9p2vKq) %o", source: https://accounts.spotify.com/login?continue=https%3A%2F%2Fcharts.spotify.com/login (0)
[3199:3199:1009/161759.252474:WARNING:runtime_features.cc(687)] AttributionReporting cannot be enabled in this configuration. Use --enable-features=ConversionMeasurement in addition.
[3199:3199:1009/161759.252712:WARNING:runtime_features.cc(701)] AttributionReportingCrossAppWeb cannot be enabled in this configuration. Use --enable-features=ConversionMeasurement,AttributionReportingCrossAppWeb in addition.
[3223:3223:1009/161801.719178:WARNING:runtime_features.cc(687)] AttributionReporting cannot be enabled in this configuration. Use --enable-features=ConversionMeasurement in addition.
[3223:3223:1009/161801.719529:WARNING:runtime_features.cc(701)] AttributionReportingCrossAppWeb cannot be enabled in this configuration. Use --enable-features=ConversionMeasurement,AttributionReportingCrossAppWeb in addition.
[3053:3053:1009/161805.009196:INFO:CONSOLE(0)] "The resource https://encore.scdn.co/fonts/SpotifyMixUI-Regular-cc3b1de388efa4cbca6c75cebc24585e.woff2 was preloaded using link preload but not used within a few seconds from the window's load event. Please make sure it has an appropriate `as` value and it is preloaded intentionally.", source: https://charts.spotify.com/charts/overview/global (0)
[3053:3053:1009/161805.009855:INFO:CONSOLE(0)] "The resource https://encore.scdn.co/fonts/SpotifyMixUITitleVariable-8769ccfde3379b7ebcadd9529b49d0cc.woff2 was preloaded using link preload but not used within a few seconds from the window's load event. Please make sure it has an appropriate `as` value and it is preloaded intentionally.", source: https://charts.spotify.com/charts/overview/global (0)
[3053:3053:1009/161805.010246:INFO:CONSOLE(0)] "The resource https://encore.scdn.co/fonts/SpotifyMixUITitle-Extrabold-ba6c73cd7f82c81e49cf2204017803ed.woff2 was preloaded using link preload but not used within a few seconds from the window's load event. Please make sure it has an appropriate `as` value and it is preloaded intentionally.", source: https://charts.spotify.com/charts/overview/global (0)
[3053:3053:1009/161805.010955:INFO:CONSOLE(0)] "The resource https://encore.scdn.co/fonts/SpotifyMixUI-Bold-4264b799009b1db5c491778b1bc8e5b7.woff2 was preloaded using link preload but not used within a few seconds from the window's load event. Please make sure it has an appropriate `as` value and it is preloaded intentionally.", source: https://charts.spotify.com/charts/overview/global (0)
[3053:3053:1009/161805.011374:INFO:CONSOLE(0)] "The resource https://encore.scdn.co/fonts/SpotifyMixUITitle-Bold-37290f1de77f297fcc26d71e9afcf43f.woff2 was preloaded using link preload but not used within a few seconds from the window's load event. Please make sure it has an appropriate `as` value and it is preloaded intentionally.", source: https://charts.spotify.com/charts/overview/global (0)
